#
# There is insufficient memory for the Java Runtime Environment to continue.
# Native memory allocation (malloc) failed to allocate 348176 bytes for Chunk::new
# Possible reasons:
#   The system is out of physical RAM or swap space
#   In 32 bit mode, the process size limit was hit
# Possible solutions:
#   Reduce memory load on the system
#   Increase physical memory or swap space
#   Check if swap backing store is full
#   Use 64 bit Java on a 64 bit OS
#   Decrease Java heap size (-Xmx/-Xms)
#   Decrease number of Java threads
#   Decrease Java thread stack sizes (-Xss)
#   Set larger code cache with -XX:ReservedCodeCacheSize=
# This output file may be truncated or incomplete.
#
#  Out of Memory Error (allocation.cpp:323), pid=12320, tid=7780
#
# JRE version: Java(TM) SE Runtime Environment (7.0_79-b15) (build 1.7.0_79-b15)
# Java VM: Java HotSpot(TM) 64-Bit Server VM (24.79-b02 mixed mode windows-amd64 compressed oops)
# Failed to write core dump. Minidumps are not enabled by default on client versions of Windows
#

---------------  T H R E A D  ---------------

Current thread (0x000000000864f000):  JavaThread "C2 CompilerThread1" daemon [_thread_in_native, id=7780, stack(0x0000000009cd0000,0x0000000009dd0000)]

Stack: [0x0000000009cd0000,0x0000000009dd0000]
[error occurred during error reporting (printing stack bounds), id 0xc0000005]


[error occurred during error reporting (printing native stack), id 0xc0000005]


Current CompileTask:
C2:   1935  158             com.android.dx.ssa.back.LivenessAnalyzer::run (231 bytes)


---------------  P R O C E S S  ---------------

Java Threads: ( => current thread )
  0x000000000a11d800 JavaThread "pool-1-thread-3" [_thread_blocked, id=25816, stack(0x000000000a6d0000,0x000000000a7d0000)]
  0x000000000a11a800 JavaThread "pool-1-thread-2" [_thread_blocked, id=15176, stack(0x000000000a5d0000,0x000000000a6d0000)]
  0x000000000a0c4800 JavaThread "pool-2-thread-1" [_thread_blocked, id=21572, stack(0x000000000a4d0000,0x000000000a5d0000)]
  0x000000000a0c4000 JavaThread "pool-1-thread-1" [_thread_in_Java, id=26188, stack(0x000000000a3d0000,0x000000000a4d0000)]
  0x0000000008652000 JavaThread "Service Thread" daemon [_thread_blocked, id=13652, stack(0x0000000009dd0000,0x0000000009ed0000)]
=>0x000000000864f000 JavaThread "C2 CompilerThread1" daemon [_thread_in_native, id=7780, stack(0x0000000009cd0000,0x0000000009dd0000)]
  0x0000000008645000 JavaThread "C2 CompilerThread0" daemon [_thread_in_native, id=24648, stack(0x0000000009bd0000,0x0000000009cd0000)]
  0x0000000008644000 JavaThread "Attach Listener" daemon [_thread_blocked, id=10716, stack(0x0000000009ad0000,0x0000000009bd0000)]
  0x0000000008641000 JavaThread "Signal Dispatcher" daemon [_thread_blocked, id=1120, stack(0x00000000099d0000,0x0000000009ad0000)]
  0x000000000860f800 JavaThread "Finalizer" daemon [_thread_blocked, id=18396, stack(0x00000000098d0000,0x00000000099d0000)]
  0x0000000008606000 JavaThread "Reference Handler" daemon [_thread_blocked, id=720, stack(0x00000000097d0000,0x00000000098d0000)]
  0x000000000286d800 JavaThread "main" [_thread_blocked, id=26208, stack(0x0000000002540000,0x0000000002640000)]

Other Threads:
  0x0000000008602000 VMThread [stack: 0x00000000096d0000,0x00000000097d0000] [id=23424]
  0x0000000008660800 WatcherThread [stack: 0x0000000009ed0000,0x0000000009fd0000] [id=14816]

VM state:not at safepoint (normal execution)

VM Mutex/Monitor currently owned by a thread: None

Heap
 PSYoungGen      total 56320K, used 24322K [0x00000000eaa80000, 0x00000000ee900000, 0x0000000100000000)
  eden space 48640K, 50% used [0x00000000eaa80000,0x00000000ec2408f8,0x00000000eda00000)
  from space 7680K, 0% used [0x00000000ee180000,0x00000000ee180000,0x00000000ee900000)
  to   space 7680K, 0% used [0x00000000eda00000,0x00000000eda00000,0x00000000ee180000)
 ParOldGen       total 127488K, used 0K [0x00000000c0000000, 0x00000000c7c80000, 0x00000000eaa80000)
  object space 127488K, 0% used [0x00000000c0000000,0x00000000c0000000,0x00000000c7c80000)
 PSPermGen       total 21504K, used 5639K [0x00000000bae00000, 0x00000000bc300000, 0x00000000c0000000)
  object space 21504K, 26% used [0x00000000bae00000,0x00000000bb381cf0,0x00000000bc300000)

Card table byte_map: [0x0000000005870000,0x0000000005aa0000] byte_map_base: 0x0000000005299000

Polling page: 0x0000000000cd0000

Code Cache  [0x0000000002870000, 0x0000000002ae0000, 0x0000000005870000)
 total_blobs=393 nmethods=156 adapters=189 free_code_cache=48534Kb largest_free_block=49674496

Compilation events (10 events):
Event: 1.888 Thread 0x000000000864f000 nmethod 153 0x0000000002904d90 code [0x0000000002904ec0, 0x0000000002904f18]
Event: 1.888 Thread 0x000000000864f000  154             java.util.Collections$UnmodifiableCollection$1::hasNext (10 bytes)
Event: 1.889 Thread 0x000000000864f000 nmethod 154 0x0000000002907f10 code [0x0000000002908060, 0x0000000002908118]
Event: 1.889 Thread 0x000000000864f000  155             com.android.dx.ssa.DeadCodeRemover::access$000 (5 bytes)
Event: 1.893 Thread 0x000000000864f000 nmethod 155 0x0000000002909390 code [0x00000000029094e0, 0x0000000002909678]
Event: 1.893 Thread 0x000000000864f000  156             com.android.dx.ssa.SsaMethod::getUseListCopy (56 bytes)
Event: 1.901 Thread 0x000000000864f000 nmethod 156 0x0000000002908990 code [0x0000000002908b00, 0x0000000002908fc8]
Event: 1.901 Thread 0x000000000864f000  157             java.util.BitSet::or (105 bytes)
Event: 1.907 Thread 0x000000000864f000 nmethod 157 0x0000000002908410 code [0x0000000002908560, 0x0000000002908788]
Event: 1.907 Thread 0x000000000864f000  158             com.android.dx.ssa.back.LivenessAnalyzer::run (231 bytes)

GC Heap History (0 events):
No events

Deoptimization events (4 events):
Event: 1.427 Thread 0x000000000a10f000 Uncommon trap: reason=bimorphic action=maybe_recompile pc=0x00000000028e6818 method=com.android.dx.ssa.NormalSsaInsn.accept(Lcom/android/dx/ssa/SsaInsn$Visitor;)V @ 9
Event: 1.427 Thread 0x000000000a10f000 Uncommon trap: reason=bimorphic action=maybe_recompile pc=0x00000000028e6818 method=com.android.dx.ssa.NormalSsaInsn.accept(Lcom/android/dx/ssa/SsaInsn$Visitor;)V @ 9
Event: 1.427 Thread 0x000000000a10f000 Uncommon trap: reason=bimorphic action=maybe_recompile pc=0x00000000028e6818 method=com.android.dx.ssa.NormalSsaInsn.accept(Lcom/android/dx/ssa/SsaInsn$Visitor;)V @ 9
Event: 1.428 Thread 0x000000000a10f000 Uncommon trap: reason=bimorphic action=maybe_recompile pc=0x00000000028e6818 method=com.android.dx.ssa.NormalSsaInsn.accept(Lcom/android/dx/ssa/SsaInsn$Visitor;)V @ 9

Internal exceptions (10 events):
Event: 1.232 Thread 0x000000000a11d800 Threw 0x00000000eb40f950 at C:\re\jdk7u79\2331\hotspot\src\share\vm\prims\jvm.cpp:1304
Event: 1.233 Thread 0x000000000a11d800 Threw 0x00000000eb415a50 at C:\re\jdk7u79\2331\hotspot\src\share\vm\prims\jvm.cpp:1304
Event: 1.234 Thread 0x000000000a10f000 Threw 0x00000000eb39fef0 at C:\re\jdk7u79\2331\hotspot\src\share\vm\prims\jvm.cpp:1304
Event: 1.240 Thread 0x000000000a11d800 Threw 0x00000000eb427a00 at C:\re\jdk7u79\2331\hotspot\src\share\vm\prims\jvm.cpp:1304
Event: 1.245 Thread 0x000000000a0c4000 Threw 0x00000000eb5abb98 at C:\re\jdk7u79\2331\hotspot\src\share\vm\prims\jvm.cpp:1304
Event: 1.248 Thread 0x000000000a10f000 Threw 0x00000000eb3ba750 at C:\re\jdk7u79\2331\hotspot\src\share\vm\prims\jvm.cpp:1304
Event: 1.254 Thread 0x000000000a11a800 Threw 0x00000000eb618b00 at C:\re\jdk7u79\2331\hotspot\src\share\vm\prims\jvm.cpp:1304
Event: 1.264 Thread 0x000000000a11d800 Threw 0x00000000eb45bf20 at C:\re\jdk7u79\2331\hotspot\src\share\vm\prims\jvm.cpp:1304
Event: 1.574 Thread 0x000000000a11a800 Threw 0x00000000ebab50a0 at C:\re\jdk7u79\2331\hotspot\src\share\vm\prims\jvm.cpp:1304
Event: 1.696 Thread 0x000000000286d800 Threw 0x00000000ebd1bb38 at C:\re\jdk7u79\2331\hotspot\src\share\vm\prims\jvm.cpp:1304

Events (10 events):
Event: 1.486 loading class 0x00000000026e7430 done
Event: 1.574 loading class 0x000000000a06e4f0
Event: 1.574 loading class 0x000000000a06e4f0 done
Event: 1.696 loading class 0x000000000a071e90
Event: 1.696 loading class 0x000000000a071e90 done
Event: 1.885 loading class 0x00000000026e8280
Event: 1.885 loading class 0x00000000026e8280 done
Event: 1.885 loading class 0x00000000026e8250
Event: 1.885 loading class 0x00000000026e8250 done
Event: 1.892 Thread 0x000000000a10f000 Thread exited: 0x000000000a10f000


Dynamic libraries:
0x00007ff7df0a0000 - 0x00007ff7df0d3000 	C:\Program Files\Java\jdk1.7.0_79\bin\java.exe
0x00007ffc581f0000 - 0x00007ffc5839c000 	C:\Windows\SYSTEM32\ntdll.dll
0x00007ffc55870000 - 0x00007ffc559ae000 	C:\Windows\system32\KERNEL32.DLL
0x00007ffc554c0000 - 0x00007ffc555d5000 	C:\Windows\system32\KERNELBASE.dll
0x00007ffc53ee0000 - 0x00007ffc53f6e000 	C:\Windows\system32\apphelp.dll
0x00007ffc4fa30000 - 0x00007ffc4fa83000 	C:\Windows\AppPatch\AppPatch64\AcGenral.DLL
0x00007ffc55a10000 - 0x00007ffc55aba000 	C:\Windows\system32\msvcrt.dll
0x00007ffc55170000 - 0x00007ffc5519e000 	C:\Windows\SYSTEM32\SspiCli.dll
0x00007ffc559b0000 - 0x00007ffc55a04000 	C:\Windows\system32\SHLWAPI.dll
0x00007ffc56270000 - 0x00007ffc563e7000 	C:\Windows\system32\USER32.dll
0x00007ffc55ac0000 - 0x00007ffc55c54000 	C:\Windows\system32\ole32.dll
0x00007ffc568d0000 - 0x00007ffc57dfb000 	C:\Windows\system32\SHELL32.dll
0x00007ffc54940000 - 0x00007ffc54961000 	C:\Windows\SYSTEM32\USERENV.dll
0x00007ffc561c0000 - 0x00007ffc5626a000 	C:\Windows\system32\ADVAPI32.dll
0x00007ffc40410000 - 0x00007ffc4042e000 	C:\Windows\SYSTEM32\MPR.dll
0x00007ffc57e20000 - 0x00007ffc57f61000 	C:\Windows\system32\RPCRT4.dll
0x00007ffc55e40000 - 0x00007ffc55e99000 	C:\Windows\SYSTEM32\sechost.dll
0x00007ffc57f70000 - 0x00007ffc58181000 	C:\Windows\SYSTEM32\combase.dll
0x00007ffc55c60000 - 0x00007ffc55daf000 	C:\Windows\system32\GDI32.dll
0x00007ffc55340000 - 0x00007ffc55355000 	C:\Windows\SYSTEM32\profapi.dll
0x00007ffc53910000 - 0x00007ffc539c2000 	C:\Windows\SYSTEM32\SHCORE.dll
0x00007ffc55f60000 - 0x00007ffc55f96000 	C:\Windows\system32\IMM32.DLL
0x00007ffc563f0000 - 0x00007ffc56542000 	C:\Windows\system32\MSCTF.dll
0x0000000074a30000 - 0x0000000074ab7000 	C:\Windows\System32\SYSFER.DLL
0x00007ffc531f0000 - 0x00007ffc5346b000 	C:\Windows\WinSxS\amd64_microsoft.windows.common-controls_6595b64144ccf1df_6.0.9600.18006_none_623f33d3ecbe86e8\COMCTL32.dll
0x000000006f320000 - 0x000000006f3f2000 	C:\Program Files\Java\jdk1.7.0_79\jre\bin\msvcr100.dll
0x000000006eb40000 - 0x000000006f315000 	C:\Program Files\Java\jdk1.7.0_79\jre\bin\server\jvm.dll
0x00007ffc4ab20000 - 0x00007ffc4ab29000 	C:\Windows\SYSTEM32\WSOCK32.dll
0x00007ffc4e8a0000 - 0x00007ffc4e8c2000 	C:\Windows\SYSTEM32\WINMM.dll
0x00007ffc55db0000 - 0x00007ffc55db7000 	C:\Windows\system32\PSAPI.DLL
0x00007ffc58190000 - 0x00007ffc581ea000 	C:\Windows\system32\WS2_32.dll
0x00007ffc4e870000 - 0x00007ffc4e89a000 	C:\Windows\SYSTEM32\WINMMBASE.dll
0x00007ffc57e10000 - 0x00007ffc57e19000 	C:\Windows\system32\NSI.dll
0x00007ffc55820000 - 0x00007ffc5586f000 	C:\Windows\SYSTEM32\cfgmgr32.dll
0x00007ffc54140000 - 0x00007ffc54168000 	C:\Windows\SYSTEM32\DEVOBJ.dll
0x000000006eb30000 - 0x000000006eb3f000 	C:\Program Files\Java\jdk1.7.0_79\jre\bin\verify.dll
0x000000006eb00000 - 0x000000006eb28000 	C:\Program Files\Java\jdk1.7.0_79\jre\bin\java.dll
0x000000006eae0000 - 0x000000006eaf5000 	C:\Program Files\Java\jdk1.7.0_79\jre\bin\zip.dll
0x000000006eac0000 - 0x000000006eada000 	C:\Program Files\Java\jdk1.7.0_79\jre\bin\net.dll
0x00007ffc54bb0000 - 0x00007ffc54c09000 	C:\Windows\system32\mswsock.dll
0x000000006eaa0000 - 0x000000006eab1000 	C:\Program Files\Java\jdk1.7.0_79\jre\bin\nio.dll

VM Arguments:
jvm_args: -Xmx1024M -Dfile.encoding=windows-1252 -Duser.country=US -Duser.language=en -Duser.variant 
java_command: com.android.dx.command.Main --dex --num-threads=4 --output C:\Users\Zhenglin Huang\SkyDrive\Desktop\EECS397\Assignment5\Hybrid project\AndroidRadonReader\RadonProbe\app\build\intermediates\pre-dexed\debug\opencsv-3.5-6d9eee2bbbb2dc775a6fd134253cc8e3749482ce.jar C:\Users\Zhenglin Huang\SkyDrive\Desktop\EECS397\Assignment5\Hybrid project\AndroidRadonReader\RadonProbe\app\libs\opencsv-3.5.jar
Launcher Type: SUN_STANDARD

Environment Variables:
PATH=C:\ProgramData\Oracle\Java\javapath;C:\Windows\system32;C:\Windows;C:\Windows\System32\Wbem;C:\Windows\System32\WindowsPowerShell\v1.0\;C:\Program Files\Lenovo\Fingerprint Manager Pro\;C:\Program Files (x86)\Windows Live\Shared;C:\Program Files\Microsoft SQL Server\110\Tools\Binn\;C:\Program Files (x86)\Bitvise SSH Client;C:\Program Files\Microsoft\Web Platform Installer\;C:\Program Files\Intel\WiFi\bin\;C:\Program Files\Common Files\Intel\WirelessCommon\;C:\PROGRA~2\Aldec\ACTIVE~1.3\BIN;C:\Program Files (x86)\MySQL\MySQL Fabric 1.5.3 & MySQL Utilities 1.5.3 1.5\;C:\Program Files (x86)\MySQL\MySQL Fabric 1.5.3 & MySQL Utilities 1.5.3 1.5\Doctrine extensions for PHP\;C:\Program Files (x86)\Microchip\MPLAB C32 Suite\bin;C:\Program Files\Microsoft SQL Server\120\Tools\Binn\;C:\Windows\system32\config\systemprofile\.dnx\bin;C:\Program Files\Microsoft DNX\Dnvm\;C:\Program Files (x86)\Windows Kits\10\Windows Performance Toolkit\;C:\Program Files (x86)\nodejs\;C:\Program Files (x86)\QuickTime\QTSystem\;C:\Program Files\Intel\WiFi\bin\;C:\Program Files\Common Files\Intel\WirelessCommon\;C:\Users\Zhenglin Huang\AppData\Local\atom\bin;C:\Users\Zhenglin Huang\AppData\Local\Code\bin;C:\Users\Zhenglin Huang\AppData\Roaming\npm
USERNAME=Zhenglin Huang
OS=Windows_NT
PROCESSOR_IDENTIFIER=Intel64 Family 6 Model 69 Stepping 1, GenuineIntel



---------------  S Y S T E M  ---------------

OS: Windows 8.1 , 64 bit Build 9600 

CPU:total 4 (2 cores per cpu, 2 threads per core) family 6 model 69 stepping 1, cmov, cx8, fxsr, mmx, sse, sse2, sse3, ssse3, sse4.1, sse4.2, popcnt, avx, avx2, aes, erms, ht, tsc, tscinvbit

Memory: 4k page, physical 12262924k(1922216k free), swap 12262924k(5116k free)

vm_info: Java HotSpot(TM) 64-Bit Server VM (24.79-b02) for windows-amd64 JRE (1.7.0_79-b15), built on Apr 10 2015 12:36:16 by "java_re" with unknown MS VC++:1600

time: Sun Nov 29 19:27:57 2015
elapsed time: 1 seconds

