#
# There is insufficient memory for the Java Runtime Environment to continue.
# Native memory allocation (malloc) failed to allocate 942336 bytes for Chunk::new
# Possible reasons:
#   The system is out of physical RAM or swap space
#   In 32 bit mode, the process size limit was hit
# Possible solutions:
#   Reduce memory load on the system
#   Increase physical memory or swap space
#   Check if swap backing store is full
#   Use 64 bit Java on a 64 bit OS
#   Decrease Java heap size (-Xmx/-Xms)
#   Decrease number of Java threads
#   Decrease Java thread stack sizes (-Xss)
#   Set larger code cache with -XX:ReservedCodeCacheSize=
# This output file may be truncated or incomplete.
#
#  Out of Memory Error (allocation.cpp:323), pid=12420, tid=14172
#
# JRE version: Java(TM) SE Runtime Environment (7.0_79-b15) (build 1.7.0_79-b15)
# Java VM: Java HotSpot(TM) 64-Bit Server VM (24.79-b02 mixed mode windows-amd64 compressed oops)
# Failed to write core dump. Minidumps are not enabled by default on client versions of Windows
#

---------------  T H R E A D  ---------------

Current thread (0x0000000008b6e800):  JavaThread "C2 CompilerThread1" daemon [_thread_in_native, id=14172, stack(0x000000000a1d0000,0x000000000a2d0000)]

Stack: [0x000000000a1d0000,0x000000000a2d0000]
[error occurred during error reporting (printing stack bounds), id 0xc0000005]


Current CompileTask:
C2:   4015  323             com.android.dx.ssa.DeadCodeRemover::run (194 bytes)


---------------  P R O C E S S  ---------------

Java Threads: ( => current thread )
  0x000000000a6d3000 JavaThread "pool-1-thread-4" [_thread_in_Java, id=15020, stack(0x000000000acd0000,0x000000000add0000)]
  0x000000000a6ce800 JavaThread "pool-1-thread-3" [_thread_blocked, id=16768, stack(0x000000000abd0000,0x000000000acd0000)]
  0x000000000a6bc000 JavaThread "pool-1-thread-2" [_thread_blocked, id=15300, stack(0x000000000aad0000,0x000000000abd0000)]
  0x000000000a6c5800 JavaThread "pool-2-thread-1" [_thread_blocked, id=16272, stack(0x000000000a9d0000,0x000000000aad0000)]
  0x000000000a6dc800 JavaThread "pool-1-thread-1" [_thread_in_Java, id=13152, stack(0x000000000a8d0000,0x000000000a9d0000)]
  0x0000000008b76800 JavaThread "Service Thread" daemon [_thread_blocked, id=23476, stack(0x000000000a2d0000,0x000000000a3d0000)]
=>0x0000000008b6e800 JavaThread "C2 CompilerThread1" daemon [_thread_in_native, id=14172, stack(0x000000000a1d0000,0x000000000a2d0000)]
  0x0000000008b6c800 JavaThread "C2 CompilerThread0" daemon [_thread_in_native, id=18280, stack(0x000000000a0d0000,0x000000000a1d0000)]
  0x0000000008b6b800 JavaThread "Attach Listener" daemon [_thread_blocked, id=5860, stack(0x0000000009fd0000,0x000000000a0d0000)]
  0x0000000008b68800 JavaThread "Signal Dispatcher" daemon [_thread_blocked, id=24080, stack(0x0000000009ed0000,0x0000000009fd0000)]
  0x0000000008b2f800 JavaThread "Finalizer" daemon [_thread_blocked, id=18340, stack(0x0000000009dd0000,0x0000000009ed0000)]
  0x0000000008b26000 JavaThread "Reference Handler" daemon [_thread_blocked, id=4548, stack(0x0000000009cd0000,0x0000000009dd0000)]
  0x00000000028bd800 JavaThread "main" [_thread_blocked, id=17384, stack(0x0000000002a90000,0x0000000002b90000)]

Other Threads:
  0x0000000008b22000 VMThread [stack: 0x0000000009bd0000,0x0000000009cd0000] [id=13860]
  0x0000000008b85800 WatcherThread [stack: 0x000000000a3d0000,0x000000000a4d0000] [id=13384]

VM state:not at safepoint (normal execution)

VM Mutex/Monitor currently owned by a thread: None

Heap
 PSYoungGen      total 56320K, used 16562K [0x00000000eaa80000, 0x00000000ee900000, 0x0000000100000000)
  eden space 48640K, 18% used [0x00000000eaa80000,0x00000000eb32f2a8,0x00000000eda00000)
  from space 7680K, 99% used [0x00000000eda00000,0x00000000ee17d640,0x00000000ee180000)
  to   space 7680K, 0% used [0x00000000ee180000,0x00000000ee180000,0x00000000ee900000)
 ParOldGen       total 127488K, used 1292K [0x00000000c0000000, 0x00000000c7c80000, 0x00000000eaa80000)
  object space 127488K, 1% used [0x00000000c0000000,0x00000000c01430c8,0x00000000c7c80000)
 PSPermGen       total 21504K, used 5786K [0x00000000bae00000, 0x00000000bc300000, 0x00000000c0000000)
  object space 21504K, 26% used [0x00000000bae00000,0x00000000bb3a6ae8,0x00000000bc300000)

Card table byte_map: [0x0000000005d90000,0x0000000005fc0000] byte_map_base: 0x00000000057b9000

Polling page: 0x0000000001060000

Code Cache  [0x0000000002cd0000, 0x0000000002f40000, 0x0000000005cd0000)
 total_blobs=558 nmethods=321 adapters=189 free_code_cache=47958Kb largest_free_block=49083328

Compilation events (10 events):
Event: 3.882 Thread 0x0000000008b6e800  317             com.android.dx.rop.code.ThrowingCstInsn::<init> (51 bytes)
Event: 3.884 Thread 0x0000000008b6e800 nmethod 317 0x0000000002df5b50 code [0x0000000002df5ca0, 0x0000000002df5e58]
Event: 3.886 Thread 0x0000000008b6c800  318   !         com.android.dx.cf.code.BytecodeArray::parseInstruction (2764 bytes)
Event: 3.902 Thread 0x0000000008b6e800  320             com.android.dx.rop.code.Rop::canThrow (18 bytes)
Event: 3.903 Thread 0x0000000008b6e800 nmethod 320 0x0000000002dee510 code [0x0000000002dee660, 0x0000000002dee6f8]
Event: 3.904 Thread 0x0000000008b6e800  321             com.android.dx.rop.code.RegisterSpecSet::equals (106 bytes)
Event: 3.914 Thread 0x0000000008b6e800 nmethod 321 0x0000000002dfd510 code [0x0000000002dfd660, 0x0000000002dfda38]
Event: 3.921 Thread 0x0000000008b6e800  322             com.android.dx.rop.type.Type::getBasicFrameType (60 bytes)
Event: 3.921 Thread 0x0000000008b6e800 nmethod 322 0x0000000002df0390 code [0x0000000002df04c0, 0x0000000002df0538]
Event: 3.932 Thread 0x0000000008b6e800  323             com.android.dx.ssa.DeadCodeRemover::run (194 bytes)

GC Heap History (2 events):
Event: 3.763 GC heap before
{Heap before GC invocations=1 (full 0):
 PSYoungGen      total 56320K, used 48640K [0x00000000eaa80000, 0x00000000ee900000, 0x0000000100000000)
  eden space 48640K, 100% used [0x00000000eaa80000,0x00000000eda00000,0x00000000eda00000)
  from space 7680K, 0% used [0x00000000ee180000,0x00000000ee180000,0x00000000ee900000)
  to   space 7680K, 0% used [0x00000000eda00000,0x00000000eda00000,0x00000000ee180000)
 ParOldGen       total 127488K, used 0K [0x00000000c0000000, 0x00000000c7c80000, 0x00000000eaa80000)
  object space 127488K, 0% used [0x00000000c0000000,0x00000000c0000000,0x00000000c7c80000)
 PSPermGen       total 21504K, used 5778K [0x00000000bae00000, 0x00000000bc300000, 0x00000000c0000000)
  object space 21504K, 26% used [0x00000000bae00000,0x00000000bb3a4bf0,0x00000000bc300000)
Event: 3.814 GC heap after
Heap after GC invocations=1 (full 0):
 PSYoungGen      total 56320K, used 7669K [0x00000000eaa80000, 0x00000000ee900000, 0x0000000100000000)
  eden space 48640K, 0% used [0x00000000eaa80000,0x00000000eaa80000,0x00000000eda00000)
  from space 7680K, 99% used [0x00000000eda00000,0x00000000ee17d640,0x00000000ee180000)
  to   space 7680K, 0% used [0x00000000ee180000,0x00000000ee180000,0x00000000ee900000)
 ParOldGen       total 127488K, used 1292K [0x00000000c0000000, 0x00000000c7c80000, 0x00000000eaa80000)
  object space 127488K, 1% used [0x00000000c0000000,0x00000000c01430c8,0x00000000c7c80000)
 PSPermGen       total 21504K, used 5778K [0x00000000bae00000, 0x00000000bc300000, 0x00000000c0000000)
  object space 21504K, 26% used [0x00000000bae00000,0x00000000bb3a4bf0,0x00000000bc300000)
}

Deoptimization events (10 events):
Event: 1.570 Thread 0x000000000a6bc000 Uncommon trap: reason=null_check action=make_not_entrant pc=0x0000000002d560dc method=com.android.dx.rop.code.LocalItem.equals(Ljava/lang/Object;)Z @ 1
Event: 1.612 Thread 0x00000000028bd800 Uncommon trap: reason=class_check action=maybe_recompile pc=0x0000000002d56c30 method=com.android.dx.ssa.NormalSsaInsn.accept(Lcom/android/dx/ssa/SsaInsn$Visitor;)V @ 9
Event: 1.612 Thread 0x00000000028bd800 Uncommon trap: reason=class_check action=maybe_recompile pc=0x0000000002d3e5d8 method=com.android.dx.ssa.NormalSsaInsn.accept(Lcom/android/dx/ssa/SsaInsn$Visitor;)V @ 9
Event: 1.620 Thread 0x00000000028bd800 Uncommon trap: reason=class_check action=maybe_recompile pc=0x0000000002d56c30 method=com.android.dx.ssa.NormalSsaInsn.accept(Lcom/android/dx/ssa/SsaInsn$Visitor;)V @ 9
Event: 1.620 Thread 0x00000000028bd800 Uncommon trap: reason=class_check action=maybe_recompile pc=0x0000000002d3e5d8 method=com.android.dx.ssa.NormalSsaInsn.accept(Lcom/android/dx/ssa/SsaInsn$Visitor;)V @ 9
Event: 1.729 Thread 0x000000000a6ce800 Uncommon trap: reason=class_check action=maybe_recompile pc=0x0000000002d56c30 method=com.android.dx.ssa.NormalSsaInsn.accept(Lcom/android/dx/ssa/SsaInsn$Visitor;)V @ 9
Event: 2.332 Thread 0x000000000a6bc000 Uncommon trap: reason=null_check action=make_not_entrant pc=0x0000000002d7f67c method=com.android.dx.rop.code.RegisterSpec.equals(Ljava/lang/Object;)Z @ 1
Event: 2.966 Thread 0x00000000028bd800 Uncommon trap: reason=null_check action=make_not_entrant pc=0x0000000002d9ab68 method=com.android.dx.rop.type.Type.putIntern(Lcom/android/dx/rop/type/Type;)Lcom/android/dx/rop/type/Type; @ 18
Event: 3.899 Thread 0x000000000a6d3000 Uncommon trap: reason=unreached action=reinterpret pc=0x0000000002de2f8c method=com.android.dx.cf.code.Ropper.processBlock(Lcom/android/dx/cf/code/ByteBlock;Lcom/android/dx/cf/code/Frame;[I)V @ 513
Event: 3.915 Thread 0x000000000a6d3000 Uncommon trap: reason=null_check action=make_not_entrant pc=0x0000000002d8d798 method=com.android.dx.ssa.SsaRenamer.getLocalForNewReg(I)Lcom/android/dx/rop/code/LocalItem; @ 19
