#
# There is insufficient memory for the Java Runtime Environment to continue.
# Native memory allocation (malloc) failed to allocate 410576 bytes for Chunk::new
# Possible reasons:
#   The system is out of physical RAM or swap space
#   In 32 bit mode, the process size limit was hit
# Possible solutions:
#   Reduce memory load on the system
#   Increase physical memory or swap space
#   Check if swap backing store is full
#   Use 64 bit Java on a 64 bit OS
#   Decrease Java heap size (-Xmx/-Xms)
#   Decrease number of Java threads
#   Decrease Java thread stack sizes (-Xss)
#   Set larger code cache with -XX:ReservedCodeCacheSize=
# This output file may be truncated or incomplete.
#
#  Out of Memory Error (allocation.cpp:323), pid=18792, tid=13948
#
# JRE version: Java(TM) SE Runtime Environment (7.0_79-b15) (build 1.7.0_79-b15)
# Java VM: Java HotSpot(TM) 64-Bit Server VM (24.79-b02 mixed mode windows-amd64 compressed oops)
# Failed to write core dump. Minidumps are not enabled by default on client versions of Windows
#

---------------  T H R E A D  ---------------

Current thread (0x0000000007f18000):  JavaThread "C2 CompilerThread1" daemon [_thread_in_native, id=13948, stack(0x0000000009580000,0x0000000009680000)]

Stack: [0x0000000009580000,0x0000000009680000]
[error occurred during error reporting (printing stack bounds), id 0xc0000005]


Current CompileTask:
C2:   5285  446             com.android.dx.rop.code.LocalVariableExtractor::processBlock (327 bytes)


---------------  P R O C E S S  ---------------

Java Threads: ( => current thread )
  0x0000000007f2a000 JavaThread "Service Thread" daemon [_thread_blocked, id=11028, stack(0x0000000009680000,0x0000000009780000)]
=>0x0000000007f18000 JavaThread "C2 CompilerThread1" daemon [_thread_in_native, id=13948, stack(0x0000000009580000,0x0000000009680000)]
  0x0000000007f16000 JavaThread "C2 CompilerThread0" daemon [_thread_in_native, id=22540, stack(0x0000000009480000,0x0000000009580000)]
  0x0000000007f15000 JavaThread "Attach Listener" daemon [_thread_blocked, id=10700, stack(0x0000000009380000,0x0000000009480000)]
  0x0000000007f12000 JavaThread "Signal Dispatcher" daemon [_thread_blocked, id=22476, stack(0x0000000009280000,0x0000000009380000)]
  0x0000000007ed9800 JavaThread "Finalizer" daemon [_thread_blocked, id=8536, stack(0x0000000009180000,0x0000000009280000)]
  0x0000000007ed6000 JavaThread "Reference Handler" daemon [_thread_blocked, id=21028, stack(0x0000000009080000,0x0000000009180000)]
  0x000000000205d800 JavaThread "main" [_thread_in_Java, id=10500, stack(0x0000000001dd0000,0x0000000001ed0000)]

Other Threads:
  0x0000000007ed2000 VMThread [stack: 0x0000000008f80000,0x0000000009080000] [id=26172]
  0x0000000007f34800 WatcherThread [stack: 0x0000000009780000,0x0000000009880000] [id=16836]

VM state:not at safepoint (normal execution)

VM Mutex/Monitor currently owned by a thread: None

Heap
 PSYoungGen      total 56320K, used 43740K [0x00000000eaa80000, 0x00000000f1880000, 0x0000000100000000)
  eden space 48640K, 74% used [0x00000000eaa80000,0x00000000ecdb8628,0x00000000eda00000)
  from space 7680K, 99% used [0x00000000eda00000,0x00000000ee17eaa8,0x00000000ee180000)
  to   space 7680K, 0% used [0x00000000f1100000,0x00000000f1100000,0x00000000f1880000)
 ParOldGen       total 127488K, used 1542K [0x00000000c0000000, 0x00000000c7c80000, 0x00000000eaa80000)
  object space 127488K, 1% used [0x00000000c0000000,0x00000000c0181880,0x00000000c7c80000)
 PSPermGen       total 21504K, used 5844K [0x00000000bae00000, 0x00000000bc300000, 0x00000000c0000000)
  object space 21504K, 27% used [0x00000000bae00000,0x00000000bb3b5218,0x00000000bc300000)

Card table byte_map: [0x0000000005120000,0x0000000005350000] byte_map_base: 0x0000000004b49000

Polling page: 0x0000000001ed0000

Code Cache  [0x0000000002060000, 0x00000000022d0000, 0x0000000005060000)
 total_blobs=689 nmethods=452 adapters=189 free_code_cache=47165Kb largest_free_block=48266240

Compilation events (10 events):
Event: 5.264 Thread 0x0000000007f16000 nmethod 449 0x0000000002245b90 code [0x0000000002245cc0, 0x0000000002245d78]
Event: 5.264 Thread 0x0000000007f16000  450             com.android.dx.rop.code.LocalVariableInfo::getStarts (19 bytes)
Event: 5.265 Thread 0x0000000007f16000 nmethod 450 0x00000000022458d0 code [0x0000000002245a00, 0x0000000002245a98]
Event: 5.265 Thread 0x0000000007f16000  451             com.android.dx.dex.code.LocalSnapshot::<init> (25 bytes)
Event: 5.266 Thread 0x0000000007f16000 nmethod 451 0x00000000022455d0 code [0x0000000002245720, 0x00000000022457d8]
Event: 5.266 Thread 0x0000000007f16000  452             com.android.dx.dex.code.RopTranslator$TranslationVisitor::setBlock (11 bytes)
Event: 5.266 Thread 0x0000000007f16000 nmethod 452 0x00000000022453d0 code [0x0000000002245500, 0x0000000002245578]
Event: 5.266 Thread 0x0000000007f16000  453             com.android.dx.dex.code.BlockAddresses::getLast (10 bytes)
Event: 5.267 Thread 0x0000000007f16000 nmethod 453 0x0000000002245110 code [0x0000000002245240, 0x00000000022452d8]
Event: 5.267 Thread 0x0000000007f16000  454             com.android.dx.dex.code.RopTranslator::outputBlock (202 bytes)

GC Heap History (2 events):
Event: 2.683 GC heap before
{Heap before GC invocations=1 (full 0):
 PSYoungGen      total 56320K, used 48640K [0x00000000eaa80000, 0x00000000ee900000, 0x0000000100000000)
  eden space 48640K, 100% used [0x00000000eaa80000,0x00000000eda00000,0x00000000eda00000)
  from space 7680K, 0% used [0x00000000ee180000,0x00000000ee180000,0x00000000ee900000)
  to   space 7680K, 0% used [0x00000000eda00000,0x00000000eda00000,0x00000000ee180000)
 ParOldGen       total 127488K, used 0K [0x00000000c0000000, 0x00000000c7c80000, 0x00000000eaa80000)
  object space 127488K, 0% used [0x00000000c0000000,0x00000000c0000000,0x00000000c7c80000)
 PSPermGen       total 21504K, used 5749K [0x00000000bae00000, 0x00000000bc300000, 0x00000000c0000000)
  object space 21504K, 26% used [0x00000000bae00000,0x00000000bb39d638,0x00000000bc300000)
Event: 2.871 GC heap after
Heap after GC invocations=1 (full 0):
 PSYoungGen      total 56320K, used 7674K [0x00000000eaa80000, 0x00000000f1880000, 0x0000000100000000)
  eden space 48640K, 0% used [0x00000000eaa80000,0x00000000eaa80000,0x00000000eda00000)
  from space 7680K, 99% used [0x00000000eda00000,0x00000000ee17eaa8,0x00000000ee180000)
  to   space 7680K, 0% used [0x00000000f1100000,0x00000000f1100000,0x00000000f1880000)
 ParOldGen       total 127488K, used 1542K [0x00000000c0000000, 0x00000000c7c80000, 0x00000000eaa80000)
  object space 127488K, 1% used [0x00000000c0000000,0x00000000c0181880,0x00000000c7c80000)
 PSPermGen       total 21504K, used 5749K [0x00000000bae00000, 0x00000000bc300000, 0x00000000c0000000)
  object space 21504K, 26% used [0x00000000bae00000,0x00000000bb39d638,0x00000000bc300000)
}

Deoptimization events (9 events):
Event: 1.663 Thread 0x000000000996c000 Uncommon trap: reason=null_check action=make_not_entrant pc=0x00000000020d9118 method=com.android.dx.rop.code.LocalItem.equals(Ljava/lang/Object;)Z @ 1
Event: 1.670 Thread 0x0000000009962000 Uncommon trap: reason=class_check action=maybe_recompile pc=0x00000000020d6458 method=com.android.dx.ssa.NormalSsaInsn.accept(Lcom/android/dx/ssa/SsaInsn$Visitor;)V @ 9
Event: 1.670 Thread 0x0000000009962000 Uncommon trap: reason=class_check action=maybe_recompile pc=0x00000000020d6458 method=com.android.dx.ssa.NormalSsaInsn.accept(Lcom/android/dx/ssa/SsaInsn$Visitor;)V @ 9
Event: 1.670 Thread 0x0000000009962000 Uncommon trap: reason=class_check action=maybe_recompile pc=0x00000000020d6458 method=com.android.dx.ssa.NormalSsaInsn.accept(Lcom/android/dx/ssa/SsaInsn$Visitor;)V @ 9
Event: 1.671 Thread 0x0000000009962000 Uncommon trap: reason=class_check action=maybe_recompile pc=0x00000000020d6458 method=com.android.dx.ssa.NormalSsaInsn.accept(Lcom/android/dx/ssa/SsaInsn$Visitor;)V @ 9
Event: 1.966 Thread 0x0000000009967800 Uncommon trap: reason=unreached action=reinterpret pc=0x00000000020f6744 method=com.android.dx.rop.cst.Constant.compareTo(Lcom/android/dx/rop/cst/Constant;)I @ 12
Event: 2.946 Thread 0x000000000205d800 Uncommon trap: reason=unreached action=reinterpret pc=0x0000000002132db8 method=com.android.dx.rop.code.LocalVariableExtractor.processBlock(I)V @ 138
Event: 3.149 Thread 0x0000000009962000 Uncommon trap: reason=null_check action=make_not_entrant pc=0x0000000002158eec method=com.android.dx.cf.code.Ropper$CatchInfo.getSetup(Lcom/android/dx/rop/type/Type;)Lcom/android/dx/cf/code/Ropper$ExceptionHandlerSetup; @ 10
Event: 3.454 Thread 0x000000000205d800 Uncommon trap: reason=null_check action=make_not_entrant pc=0x0000000002161aa0 method=com.android.dx.rop.type.Type.putIntern(Lcom/android/dx/rop/type/Type;)Lcom/android/dx/rop/type/Type; @ 18

Internal exceptions (10 events):
Event: 1.663 Thread 0x000000000996c000 Implicit null exception at 0x00000000020d8d03 to 0x00000000020d90fd
Event: 1.687 Thread 0x0000000009966800 Threw 0x00000000eb6c1850 at C:\re\jdk7u79\2331\hotspot\src\share\vm\prims\jvm.cpp:1304
Event: 1.738 Thread 0x000000000996c000 Threw 0x00000000eba1a9d8 at C:\re\jdk7u79\2331\hotspot\src\share\vm\prims\jvm.cpp:1304
Event: 1.865 Thread 0x0000000009962000 Threw 0x00000000ebd358f0 at C:\re\jdk7u79\2331\hotspot\src\share\vm\prims\jvm.cpp:1304
Event: 2.298 Thread 0x000000000205d800 Threw 0x00000000ecb7abf8 at C:\re\jdk7u79\2331\hotspot\src\share\vm\prims\jvm.cpp:1304
Event: 2.522 Thread 0x0000000009966800 Threw 0x00000000ed571250 at C:\re\jdk7u79\2331\hotspot\src\share\vm\prims\jvm.cpp:1304
Event: 3.149 Thread 0x0000000009962000 Implicit null exception at 0x0000000002156d58 to 0x0000000002158ee1
Event: 3.454 Thread 0x000000000205d800 Implicit null exception at 0x00000000021613af to 0x0000000002161a91
Event: 4.512 Thread 0x000000000205d800 Threw 0x00000000ebf22c98 at C:\re\jdk7u79\2331\hotspot\src\share\vm\prims\jvm.cpp:1304
Event: 5.004 Thread 0x000000000205d800 Threw 0x00000000eccda7b8 at C:\re\jdk7u79\2331\hotspot\src\share\vm\prims\jvm.cpp:1304

Events (10 events):
Event: 4.501 loading class 0x0000000007f39840
Event: 4.501 loading class 0x0000000007f39840 done
Event: 4.501 loading class 0x0000000001f8e350
Event: 4.501 loading class 0x0000000001f8e350 done
Event: 4.512 loading class 0x0000000009aebde0
Event: 4.512 loading class 0x0000000009aebde0 done
Event: 4.518 Executing VM operation: EnableBiasedLocking
Event: 4.521 Executing VM operation: EnableBiasedLocking done
Event: 5.004 loading class 0x0000000007f59600
Event: 5.004 loading class 0x0000000007f59600 done


Dynamic libraries:
0x00007ff7df0a0000 - 0x00007ff7df0d3000 	C:\Program Files\Java\jdk1.7.0_79\bin\java.exe
0x00007ffc581f0000 - 0x00007ffc5839c000 	C:\Windows\SYSTEM32\ntdll.dll
0x00007ffc55870000 - 0x00007ffc559ae000 	C:\Windows\system32\KERNEL32.DLL
0x00007ffc554c0000 - 0x00007ffc555d5000 	C:\Windows\system32\KERNELBASE.dll
0x00007ffc53ee0000 - 0x00007ffc53f6e000 	C:\Windows\system32\apphelp.dll
0x00007ffc4fa30000 - 0x00007ffc4fa83000 	C:\Windows\AppPatch\AppPatch64\AcGenral.DLL
0x00007ffc55a10000 - 0x00007ffc55aba000 	C:\Windows\system32\msvcrt.dll
0x00007ffc55170000 - 0x00007ffc5519e000 	C:\Windows\SYSTEM32\SspiCli.dll
0x00007ffc559b0000 - 0x00007ffc55a04000 	C:\Windows\system32\SHLWAPI.dll
0x00007ffc56270000 - 0x00007ffc563e7000 	C:\Windows\system32\USER32.dll
0x00007ffc55ac0000 - 0x00007ffc55c54000 	C:\Windows\system32\ole32.dll
0x00007ffc568d0000 - 0x00007ffc57dfb000 	C:\Windows\system32\SHELL32.dll
0x00007ffc54940000 - 0x00007ffc54961000 	C:\Windows\SYSTEM32\USERENV.dll
0x00007ffc561c0000 - 0x00007ffc5626a000 	C:\Windows\system32\ADVAPI32.dll
0x00007ffc40410000 - 0x00007ffc4042e000 	C:\Windows\SYSTEM32\MPR.dll
0x00007ffc57e20000 - 0x00007ffc57f61000 	C:\Windows\system32\RPCRT4.dll
0x00007ffc55e40000 - 0x00007ffc55e99000 	C:\Windows\SYSTEM32\sechost.dll
0x00007ffc57f70000 - 0x00007ffc58181000 	C:\Windows\SYSTEM32\combase.dll
0x00007ffc55c60000 - 0x00007ffc55daf000 	C:\Windows\system32\GDI32.dll
0x00007ffc55340000 - 0x00007ffc55355000 	C:\Windows\SYSTEM32\profapi.dll
0x00007ffc53910000 - 0x00007ffc539c2000 	C:\Windows\SYSTEM32\SHCORE.dll
0x00007ffc55f60000 - 0x00007ffc55f96000 	C:\Windows\system32\IMM32.DLL
0x00007ffc563f0000 - 0x00007ffc56542000 	C:\Windows\system32\MSCTF.dll
0x0000000074a30000 - 0x0000000074ab7000 	C:\Windows\System32\SYSFER.DLL
0x00007ffc531f0000 - 0x00007ffc5346b000 	C:\Windows\WinSxS\amd64_microsoft.windows.common-controls_6595b64144ccf1df_6.0.9600.18006_none_623f33d3ecbe86e8\COMCTL32.dll
0x000000006f320000 - 0x000000006f3f2000 	C:\Program Files\Java\jdk1.7.0_79\jre\bin\msvcr100.dll
0x000000006eb40000 - 0x000000006f315000 	C:\Program Files\Java\jdk1.7.0_79\jre\bin\server\jvm.dll
0x00007ffc4ab20000 - 0x00007ffc4ab29000 	C:\Windows\SYSTEM32\WSOCK32.dll
0x00007ffc4e8a0000 - 0x00007ffc4e8c2000 	C:\Windows\SYSTEM32\WINMM.dll
0x00007ffc55db0000 - 0x00007ffc55db7000 	C:\Windows\system32\PSAPI.DLL
0x00007ffc58190000 - 0x00007ffc581ea000 	C:\Windows\system32\WS2_32.dll
0x00007ffc4e870000 - 0x00007ffc4e89a000 	C:\Windows\SYSTEM32\WINMMBASE.dll
0x00007ffc57e10000 - 0x00007ffc57e19000 	C:\Windows\system32\NSI.dll
0x00007ffc55820000 - 0x00007ffc5586f000 	C:\Windows\SYSTEM32\cfgmgr32.dll
0x00007ffc54140000 - 0x00007ffc54168000 	C:\Windows\SYSTEM32\DEVOBJ.dll
0x000000006eb30000 - 0x000000006eb3f000 	C:\Program Files\Java\jdk1.7.0_79\jre\bin\verify.dll
0x000000006eb00000 - 0x000000006eb28000 	C:\Program Files\Java\jdk1.7.0_79\jre\bin\java.dll
0x000000006eae0000 - 0x000000006eaf5000 	C:\Program Files\Java\jdk1.7.0_79\jre\bin\zip.dll
0x000000006eac0000 - 0x000000006eada000 	C:\Program Files\Java\jdk1.7.0_79\jre\bin\net.dll
0x00007ffc54bb0000 - 0x00007ffc54c09000 	C:\Windows\system32\mswsock.dll
0x000000006eaa0000 - 0x000000006eab1000 	C:\Program Files\Java\jdk1.7.0_79\jre\bin\nio.dll

VM Arguments:
jvm_args: -Xmx1024M -Dfile.encoding=windows-1252 -Duser.country=US -Duser.language=en -Duser.variant 
java_command: com.android.dx.command.Main --dex --num-threads=4 --output C:\Users\Zhenglin Huang\SkyDrive\Desktop\EECS397\Assignment5\Hybrid project\AndroidRadonReader\RadonProbe\app\build\intermediates\pre-dexed\debug\classes-8ca97f4c8a60dccd15c9fa6bc646f3f488526236.jar C:\Users\Zhenglin Huang\SkyDrive\Desktop\EECS397\Assignment5\Hybrid project\AndroidRadonReader\RadonProbe\app\build\intermediates\exploded-aar\com.google.android.gms\play-services-measurement\8.1.0\jars\classes.jar
Launcher Type: SUN_STANDARD

Environment Variables:
PATH=C:\ProgramData\Oracle\Java\javapath;C:\Windows\system32;C:\Windows;C:\Windows\System32\Wbem;C:\Windows\System32\WindowsPowerShell\v1.0\;C:\Program Files\Lenovo\Fingerprint Manager Pro\;C:\Program Files (x86)\Windows Live\Shared;C:\Program Files\Microsoft SQL Server\110\Tools\Binn\;C:\Program Files (x86)\Bitvise SSH Client;C:\Program Files\Microsoft\Web Platform Installer\;C:\Program Files\Intel\WiFi\bin\;C:\Program Files\Common Files\Intel\WirelessCommon\;C:\PROGRA~2\Aldec\ACTIVE~1.3\BIN;C:\Program Files (x86)\MySQL\MySQL Fabric 1.5.3 & MySQL Utilities 1.5.3 1.5\;C:\Program Files (x86)\MySQL\MySQL Fabric 1.5.3 & MySQL Utilities 1.5.3 1.5\Doctrine extensions for PHP\;C:\Program Files (x86)\Microchip\MPLAB C32 Suite\bin;C:\Program Files\Microsoft SQL Server\120\Tools\Binn\;C:\Windows\system32\config\systemprofile\.dnx\bin;C:\Program Files\Microsoft DNX\Dnvm\;C:\Program Files (x86)\Windows Kits\10\Windows Performance Toolkit\;C:\Program Files (x86)\nodejs\;C:\Program Files (x86)\QuickTime\QTSystem\;C:\Program Files\Intel\WiFi\bin\;C:\Program Files\Common Files\Intel\WirelessCommon\;C:\Users\Zhenglin Huang\AppData\Local\atom\bin;C:\Users\Zhenglin Huang\AppData\Local\Code\bin;C:\Users\Zhenglin Huang\AppData\Roaming\npm
USERNAME=Zhenglin Huang
OS=Windows_NT
PROCESSOR_IDENTIFIER=Intel64 Family 6 Model 69 Stepping 1, GenuineIntel



---------------  S Y S T E M  ---------------

OS: Windows 8.1 , 64 bit Build 9600 

CPU:total 4 (2 cores per cpu, 2 threads per core) family 6 model 69 stepping 1, cmov, cx8, fxsr, mmx, sse, sse2, sse3, ssse3, sse4.1, sse4.2, popcnt, avx, avx2, aes, erms, ht, tsc, tscinvbit

Memory: 4k page, physical 12262924k(1605060k free), swap 12262924k(5152k free)

vm_info: Java HotSpot(TM) 64-Bit Server VM (24.79-b02) for windows-amd64 JRE (1.7.0_79-b15), built on Apr 10 2015 12:36:16 by "java_re" with unknown MS VC++:1600

time: Sun Nov 29 19:27:07 2015
elapsed time: 5 seconds

