#
# There is insufficient memory for the Java Runtime Environment to continue.
# Native memory allocation (malloc) failed to allocate 356624 bytes for Chunk::new
# Possible reasons:
#   The system is out of physical RAM or swap space
#   In 32 bit mode, the process size limit was hit
# Possible solutions:
#   Reduce memory load on the system
#   Increase physical memory or swap space
#   Check if swap backing store is full
#   Use 64 bit Java on a 64 bit OS
#   Decrease Java heap size (-Xmx/-Xms)
#   Decrease number of Java threads
#   Decrease Java thread stack sizes (-Xss)
#   Set larger code cache with -XX:ReservedCodeCacheSize=
# This output file may be truncated or incomplete.
#
#  Out of Memory Error (allocation.cpp:323), pid=11432, tid=9644
#
# JRE version: Java(TM) SE Runtime Environment (7.0_79-b15) (build 1.7.0_79-b15)
# Java VM: Java HotSpot(TM) 64-Bit Server VM (24.79-b02 mixed mode windows-amd64 compressed oops)
# Failed to write core dump. Minidumps are not enabled by default on client versions of Windows
#

---------------  T H R E A D  ---------------

Current thread (0x00000000080d4800):  JavaThread "C2 CompilerThread0" daemon [_thread_in_native, id=9644, stack(0x0000000009650000,0x0000000009750000)]

Stack: [0x0000000009650000,0x0000000009750000]
[error occurred during error reporting (printing stack bounds), id 0xc0000005]


Current CompileTask:
C2:   4395  351             com.android.dx.ssa.back.SsaToRop::convertBasicBlocks (151 bytes)


---------------  P R O C E S S  ---------------

Java Threads: ( => current thread )
  0x0000000009c49000 JavaThread "pool-1-thread-4" [_thread_blocked, id=18496, stack(0x000000000a250000,0x000000000a350000)]
  0x0000000009c48000 JavaThread "pool-1-thread-3" [_thread_blocked, id=12148, stack(0x000000000a150000,0x000000000a250000)]
  0x0000000009c43800 JavaThread "pool-1-thread-2" [_thread_blocked, id=11984, stack(0x000000000a050000,0x000000000a150000)]
  0x0000000009af9800 JavaThread "pool-2-thread-1" [_thread_blocked, id=5560, stack(0x0000000009f50000,0x000000000a050000)]
  0x0000000008122000 JavaThread "pool-1-thread-1" [_thread_blocked, id=23112, stack(0x0000000009e50000,0x0000000009f50000)]
  0x00000000080e7000 JavaThread "Service Thread" daemon [_thread_blocked, id=13080, stack(0x0000000009850000,0x0000000009950000)]
  0x00000000080de800 JavaThread "C2 CompilerThread1" daemon [_thread_in_native, id=25060, stack(0x0000000009750000,0x0000000009850000)]
=>0x00000000080d4800 JavaThread "C2 CompilerThread0" daemon [_thread_in_native, id=9644, stack(0x0000000009650000,0x0000000009750000)]
  0x00000000080d3800 JavaThread "Attach Listener" daemon [_thread_blocked, id=21036, stack(0x0000000009550000,0x0000000009650000)]
  0x00000000080d0800 JavaThread "Signal Dispatcher" daemon [_thread_blocked, id=11024, stack(0x0000000009450000,0x0000000009550000)]
  0x000000000809f800 JavaThread "Finalizer" daemon [_thread_blocked, id=4864, stack(0x0000000009350000,0x0000000009450000)]
  0x0000000008096000 JavaThread "Reference Handler" daemon [_thread_blocked, id=21156, stack(0x0000000009250000,0x0000000009350000)]
  0x00000000021fd800 JavaThread "main" [_thread_in_native, id=12332, stack(0x0000000002010000,0x0000000002110000)]

Other Threads:
  0x0000000008092000 VMThread [stack: 0x0000000009150000,0x0000000009250000] [id=8204]
  0x00000000080f5800 WatcherThread [stack: 0x0000000009950000,0x0000000009a50000] [id=24324]

VM state:not at safepoint (normal execution)

VM Mutex/Monitor currently owned by a thread: None

Heap
 PSYoungGen      total 56320K, used 23301K [0x00000000eaa80000, 0x00000000f1880000, 0x0000000100000000)
  eden space 48640K, 32% used [0x00000000eaa80000,0x00000000eb9c7810,0x00000000eda00000)
  from space 7680K, 99% used [0x00000000eda00000,0x00000000ee179c78,0x00000000ee180000)
  to   space 7680K, 0% used [0x00000000f1100000,0x00000000f1100000,0x00000000f1880000)
 ParOldGen       total 127488K, used 1673K [0x00000000c0000000, 0x00000000c7c80000, 0x00000000eaa80000)
  object space 127488K, 1% used [0x00000000c0000000,0x00000000c01a2518,0x00000000c7c80000)
 PSPermGen       total 21504K, used 5771K [0x00000000bae00000, 0x00000000bc300000, 0x00000000c0000000)
  object space 21504K, 26% used [0x00000000bae00000,0x00000000bb3a2e80,0x00000000bc300000)

Card table byte_map: [0x0000000005300000,0x0000000005530000] byte_map_base: 0x0000000004d29000

Polling page: 0x00000000005b0000

Code Cache  [0x0000000002300000, 0x0000000002570000, 0x0000000005300000)
 total_blobs=586 nmethods=349 adapters=189 free_code_cache=47729Kb largest_free_block=48831552

Compilation events (10 events):
Event: 4.170 Thread 0x00000000080d4800 nmethod 346 0x0000000002454610 code [0x0000000002454740, 0x0000000002454798]
Event: 4.170 Thread 0x00000000080d4800  347             com.android.dx.rop.code.SourcePosition::<init> (50 bytes)
Event: 4.171 Thread 0x00000000080d4800 nmethod 347 0x0000000002454390 code [0x00000000024544c0, 0x0000000002454558]
Event: 4.171 Thread 0x00000000080d4800  348             com.android.dx.cf.code.ConcreteMethod::makeSourcePosistion (21 bytes)
Event: 4.174 Thread 0x00000000080d4800 nmethod 348 0x0000000002463610 code [0x0000000002463760, 0x00000000024638c8]
Event: 4.174 Thread 0x00000000080d4800  349             com.android.dx.cf.code.LineNumberList::pcToLine (73 bytes)
Event: 4.175 Thread 0x00000000080d4800 nmethod 349 0x00000000024632d0 code [0x0000000002463420, 0x00000000024634e8]
Event: 4.175 Thread 0x00000000080d4800  350             com.android.dx.ssa.SsaMethod::makeExitBlock (134 bytes)
Event: 4.237 Thread 0x00000000080d4800 nmethod 350 0x000000000246ba90 code [0x000000000246bce0, 0x000000000246cf20]
Event: 4.237 Thread 0x00000000080d4800  351             com.android.dx.ssa.back.SsaToRop::convertBasicBlocks (151 bytes)

GC Heap History (2 events):
Event: 3.488 GC heap before
{Heap before GC invocations=1 (full 0):
 PSYoungGen      total 56320K, used 48640K [0x00000000eaa80000, 0x00000000ee900000, 0x0000000100000000)
  eden space 48640K, 100% used [0x00000000eaa80000,0x00000000eda00000,0x00000000eda00000)
  from space 7680K, 0% used [0x00000000ee180000,0x00000000ee180000,0x00000000ee900000)
  to   space 7680K, 0% used [0x00000000eda00000,0x00000000eda00000,0x00000000ee180000)
 ParOldGen       total 127488K, used 0K [0x00000000c0000000, 0x00000000c7c80000, 0x00000000eaa80000)
  object space 127488K, 0% used [0x00000000c0000000,0x00000000c0000000,0x00000000c7c80000)
 PSPermGen       total 21504K, used 5747K [0x00000000bae00000, 0x00000000bc300000, 0x00000000c0000000)
  object space 21504K, 26% used [0x00000000bae00000,0x00000000bb39cf18,0x00000000bc300000)
Event: 3.818 GC heap after
Heap after GC invocations=1 (full 0):
 PSYoungGen      total 56320K, used 7655K [0x00000000eaa80000, 0x00000000f1880000, 0x0000000100000000)
  eden space 48640K, 0% used [0x00000000eaa80000,0x00000000eaa80000,0x00000000eda00000)
  from space 7680K, 99% used [0x00000000eda00000,0x00000000ee179c78,0x00000000ee180000)
  to   space 7680K, 0% used [0x00000000f1100000,0x00000000f1100000,0x00000000f1880000)
 ParOldGen       total 127488K, used 1673K [0x00000000c0000000, 0x00000000c7c80000, 0x00000000eaa80000)
  object space 127488K, 1% used [0x00000000c0000000,0x00000000c01a2518,0x00000000c7c80000)
 PSPermGen       total 21504K, used 5747K [0x00000000bae00000, 0x00000000bc300000, 0x00000000c0000000)
  object space 21504K, 26% used [0x00000000bae00000,0x00000000bb39cf18,0x00000000bc300000)
}

Deoptimization events (10 events):
Event: 1.842 Thread 0x0000000009c43800 Uncommon trap: reason=class_check action=maybe_recompile pc=0x000000000238f2b8 method=com.android.dx.ssa.NormalSsaInsn.accept(Lcom/android/dx/ssa/SsaInsn$Visitor;)V @ 9
Event: 1.887 Thread 0x0000000009c43800 Uncommon trap: reason=class_check action=maybe_recompile pc=0x000000000238f2b8 method=com.android.dx.ssa.NormalSsaInsn.accept(Lcom/android/dx/ssa/SsaInsn$Visitor;)V @ 9
Event: 1.915 Thread 0x0000000009c48000 Uncommon trap: reason=class_check action=maybe_recompile pc=0x000000000238f2b8 method=com.android.dx.ssa.NormalSsaInsn.accept(Lcom/android/dx/ssa/SsaInsn$Visitor;)V @ 9
Event: 2.174 Thread 0x0000000009c49000 Uncommon trap: reason=class_check action=maybe_recompile pc=0x000000000238f2b8 method=com.android.dx.ssa.NormalSsaInsn.accept(Lcom/android/dx/ssa/SsaInsn$Visitor;)V @ 9
Event: 2.176 Thread 0x0000000009c49000 Uncommon trap: reason=class_check action=maybe_recompile pc=0x0000000002377234 method=com.android.dx.ssa.NormalSsaInsn.accept(Lcom/android/dx/ssa/SsaInsn$Visitor;)V @ 9
Event: 2.218 Thread 0x00000000021fd800 Uncommon trap: reason=null_check action=make_not_entrant pc=0x00000000023c9e20 method=com.android.dx.rop.type.Type.putIntern(Lcom/android/dx/rop/type/Type;)Lcom/android/dx/rop/type/Type; @ 18
Event: 2.763 Thread 0x0000000009c48000 Uncommon trap: reason=unreached action=reinterpret pc=0x00000000023fbf48 method=com.android.dx.cf.code.Ropper.processBlock(Lcom/android/dx/cf/code/ByteBlock;Lcom/android/dx/cf/code/Frame;[I)V @ 963
Event: 3.175 Thread 0x00000000021fd800 Uncommon trap: reason=unreached action=reinterpret pc=0x00000000023cb6b0 method=com.android.dx.ssa.SCCP.simulateBranch(Lcom/android/dx/ssa/SsaInsn;)V @ 132
Event: 4.055 Thread 0x0000000009c48000 Uncommon trap: reason=null_check action=make_not_entrant pc=0x000000000245b514 method=com.android.dx.dex.file.FieldIdsSection.intern(Lcom/android/dx/rop/cst/CstFieldRef;)Lcom/android/dx/dex/file/FieldIdItem; @ 26
Event: 4.143 Thread 0x0000000008122000 Uncommon trap: reason=bimorphic action=maybe_recompile pc=0x00000000024419d0 method=com.android.dx.ssa.LiteralOpUpgrader.tryReplacingWithConstant(Lcom/android/dx/ssa/NormalSsaInsn;)Z @ 62

Internal exceptions (10 events):
Event: 0.764 Thread 0x00000000021fd800 Threw 0x00000000eb2d5220 at C:\re\jdk7u79\2331\hotspot\src\share\vm\prims\jvm.cpp:1304
Event: 0.772 Thread 0x00000000021fd800 Threw 0x00000000eb2f2530 at C:\re\jdk7u79\2331\hotspot\src\share\vm\prims\jvm.cpp:1304
Event: 0.862 Thread 0x00000000021fd800 Threw 0x00000000eb7d32d0 at C:\re\jdk7u79\2331\hotspot\src\share\vm\prims\jvm.cpp:1304
Event: 0.882 Thread 0x0000000009c48000 Threw 0x00000000eb4a00c8 at C:\re\jdk7u79\2331\hotspot\src\share\vm\prims\jvm.cpp:1304
Event: 1.144 Thread 0x00000000021fd800 Threw 0x00000000ebcf3bb8 at C:\re\jdk7u79\2331\hotspot\src\share\vm\prims\jvm.cpp:1304
Event: 1.145 Thread 0x00000000021fd800 Threw 0x00000000ebcfdb98 at C:\re\jdk7u79\2331\hotspot\src\share\vm\prims\jvm.cpp:1304
Event: 1.146 Thread 0x00000000021fd800 Threw 0x00000000ebd00060 at C:\re\jdk7u79\2331\hotspot\src\share\vm\prims\jvm.cpp:1304
Event: 1.660 Thread 0x00000000021fd800 Implicit null exception at 0x00000000023b678d to 0x00000000023b6eb5
Event: 2.218 Thread 0x00000000021fd800 Implicit null exception at 0x00000000023c972f to 0x00000000023c9e11
Event: 3.824 Thread 0x00000000021fd800 Threw 0x00000000eab74588 at C:\re\jdk7u79\2331\hotspot\src\share\vm\prims\jvm.cpp:1304

Events (10 events):
Event: 3.824 loading class 0x0000000009a928e0
Event: 3.824 loading class 0x0000000009a928e0 done
Event: 4.055 Thread 0x0000000009c48000 Uncommon trap: trap_request=0xfffffff4 fr.pc=0x000000000245b514
Event: 4.055 Thread 0x0000000009c48000 DEOPT PACKING pc=0x000000000245b514 sp=0x000000000a24ef10
Event: 4.055 Thread 0x0000000009c48000 DEOPT UNPACKING pc=0x00000000023375a4 sp=0x000000000a24ee68 mode 2
Event: 4.143 Thread 0x0000000008122000 Uncommon trap: trap_request=0xffffffc6 fr.pc=0x00000000024419d0
Event: 4.143 Thread 0x0000000008122000 DEOPT PACKING pc=0x00000000024419d0 sp=0x0000000009f4ec30
Event: 4.143 Thread 0x0000000008122000 DEOPT UNPACKING pc=0x00000000023375a4 sp=0x0000000009f4eae8 mode 2
Event: 4.255 Executing VM operation: EnableBiasedLocking
Event: 4.380 Executing VM operation: EnableBiasedLocking done


Dynamic libraries:
0x00007ff7df0a0000 - 0x00007ff7df0d3000 	C:\Program Files\Java\jdk1.7.0_79\bin\java.exe
0x00007ffc581f0000 - 0x00007ffc5839c000 	C:\Windows\SYSTEM32\ntdll.dll
0x00007ffc55870000 - 0x00007ffc559ae000 	C:\Windows\system32\KERNEL32.DLL
0x00007ffc554c0000 - 0x00007ffc555d5000 	C:\Windows\system32\KERNELBASE.dll
0x00007ffc53ee0000 - 0x00007ffc53f6e000 	C:\Windows\system32\apphelp.dll
0x00007ffc4fa30000 - 0x00007ffc4fa83000 	C:\Windows\AppPatch\AppPatch64\AcGenral.DLL
0x00007ffc55a10000 - 0x00007ffc55aba000 	C:\Windows\system32\msvcrt.dll
0x00007ffc55170000 - 0x00007ffc5519e000 	C:\Windows\SYSTEM32\SspiCli.dll
0x00007ffc559b0000 - 0x00007ffc55a04000 	C:\Windows\system32\SHLWAPI.dll
0x00007ffc56270000 - 0x00007ffc563e7000 	C:\Windows\system32\USER32.dll
0x00007ffc55ac0000 - 0x00007ffc55c54000 	C:\Windows\system32\ole32.dll
0x00007ffc568d0000 - 0x00007ffc57dfb000 	C:\Windows\system32\SHELL32.dll
0x00007ffc54940000 - 0x00007ffc54961000 	C:\Windows\SYSTEM32\USERENV.dll
0x00007ffc561c0000 - 0x00007ffc5626a000 	C:\Windows\system32\ADVAPI32.dll
0x00007ffc40410000 - 0x00007ffc4042e000 	C:\Windows\SYSTEM32\MPR.dll
0x00007ffc57e20000 - 0x00007ffc57f61000 	C:\Windows\system32\RPCRT4.dll
0x00007ffc55e40000 - 0x00007ffc55e99000 	C:\Windows\SYSTEM32\sechost.dll
0x00007ffc57f70000 - 0x00007ffc58181000 	C:\Windows\SYSTEM32\combase.dll
0x00007ffc55c60000 - 0x00007ffc55daf000 	C:\Windows\system32\GDI32.dll
0x00007ffc55340000 - 0x00007ffc55355000 	C:\Windows\SYSTEM32\profapi.dll
0x00007ffc53910000 - 0x00007ffc539c2000 	C:\Windows\SYSTEM32\SHCORE.dll
0x00007ffc55f60000 - 0x00007ffc55f96000 	C:\Windows\system32\IMM32.DLL
0x00007ffc563f0000 - 0x00007ffc56542000 	C:\Windows\system32\MSCTF.dll
0x0000000074a30000 - 0x0000000074ab7000 	C:\Windows\System32\SYSFER.DLL
0x00007ffc531f0000 - 0x00007ffc5346b000 	C:\Windows\WinSxS\amd64_microsoft.windows.common-controls_6595b64144ccf1df_6.0.9600.18006_none_623f33d3ecbe86e8\COMCTL32.dll
0x000000006f320000 - 0x000000006f3f2000 	C:\Program Files\Java\jdk1.7.0_79\jre\bin\msvcr100.dll
0x000000006eb40000 - 0x000000006f315000 	C:\Program Files\Java\jdk1.7.0_79\jre\bin\server\jvm.dll
0x00007ffc4ab20000 - 0x00007ffc4ab29000 	C:\Windows\SYSTEM32\WSOCK32.dll
0x00007ffc4e8a0000 - 0x00007ffc4e8c2000 	C:\Windows\SYSTEM32\WINMM.dll
0x00007ffc55db0000 - 0x00007ffc55db7000 	C:\Windows\system32\PSAPI.DLL
0x00007ffc58190000 - 0x00007ffc581ea000 	C:\Windows\system32\WS2_32.dll
0x00007ffc4e870000 - 0x00007ffc4e89a000 	C:\Windows\SYSTEM32\WINMMBASE.dll
0x00007ffc57e10000 - 0x00007ffc57e19000 	C:\Windows\system32\NSI.dll
0x00007ffc55820000 - 0x00007ffc5586f000 	C:\Windows\SYSTEM32\cfgmgr32.dll
0x00007ffc54140000 - 0x00007ffc54168000 	C:\Windows\SYSTEM32\DEVOBJ.dll
0x000000006eb30000 - 0x000000006eb3f000 	C:\Program Files\Java\jdk1.7.0_79\jre\bin\verify.dll
0x000000006eb00000 - 0x000000006eb28000 	C:\Program Files\Java\jdk1.7.0_79\jre\bin\java.dll
0x000000006eae0000 - 0x000000006eaf5000 	C:\Program Files\Java\jdk1.7.0_79\jre\bin\zip.dll
0x000000006eac0000 - 0x000000006eada000 	C:\Program Files\Java\jdk1.7.0_79\jre\bin\net.dll
0x00007ffc54bb0000 - 0x00007ffc54c09000 	C:\Windows\system32\mswsock.dll
0x000000006eaa0000 - 0x000000006eab1000 	C:\Program Files\Java\jdk1.7.0_79\jre\bin\nio.dll

VM Arguments:
jvm_args: -Xmx1024M -Dfile.encoding=windows-1252 -Duser.country=US -Duser.language=en -Duser.variant 
java_command: com.android.dx.command.Main --dex --num-threads=4 --output C:\Users\Zhenglin Huang\SkyDrive\Desktop\EECS397\Assignment5\Hybrid project\AndroidRadonReader\RadonProbe\app\build\intermediates\pre-dexed\debug\classes-6d5d2cc594c15e483a40e6774e9675bff9937f3d.jar C:\Users\Zhenglin Huang\SkyDrive\Desktop\EECS397\Assignment5\Hybrid project\AndroidRadonReader\RadonProbe\app\build\intermediates\exploded-aar\com.google.android.gms\play-services-drive\8.1.0\jars\classes.jar
Launcher Type: SUN_STANDARD

Environment Variables:
PATH=C:\ProgramData\Oracle\Java\javapath;C:\Windows\system32;C:\Windows;C:\Windows\System32\Wbem;C:\Windows\System32\WindowsPowerShell\v1.0\;C:\Program Files\Lenovo\Fingerprint Manager Pro\;C:\Program Files (x86)\Windows Live\Shared;C:\Program Files\Microsoft SQL Server\110\Tools\Binn\;C:\Program Files (x86)\Bitvise SSH Client;C:\Program Files\Microsoft\Web Platform Installer\;C:\Program Files\Intel\WiFi\bin\;C:\Program Files\Common Files\Intel\WirelessCommon\;C:\PROGRA~2\Aldec\ACTIVE~1.3\BIN;C:\Program Files (x86)\MySQL\MySQL Fabric 1.5.3 & MySQL Utilities 1.5.3 1.5\;C:\Program Files (x86)\MySQL\MySQL Fabric 1.5.3 & MySQL Utilities 1.5.3 1.5\Doctrine extensions for PHP\;C:\Program Files (x86)\Microchip\MPLAB C32 Suite\bin;C:\Program Files\Microsoft SQL Server\120\Tools\Binn\;C:\Windows\system32\config\systemprofile\.dnx\bin;C:\Program Files\Microsoft DNX\Dnvm\;C:\Program Files (x86)\Windows Kits\10\Windows Performance Toolkit\;C:\Program Files (x86)\nodejs\;C:\Program Files (x86)\QuickTime\QTSystem\;C:\Program Files\Intel\WiFi\bin\;C:\Program Files\Common Files\Intel\WirelessCommon\;C:\Users\Zhenglin Huang\AppData\Local\atom\bin;C:\Users\Zhenglin Huang\AppData\Local\Code\bin;C:\Users\Zhenglin Huang\AppData\Roaming\npm
USERNAME=Zhenglin Huang
OS=Windows_NT
PROCESSOR_IDENTIFIER=Intel64 Family 6 Model 69 Stepping 1, GenuineIntel



---------------  S Y S T E M  ---------------

OS: Windows 8.1 , 64 bit Build 9600 

CPU:total 4 (2 cores per cpu, 2 threads per core) family 6 model 69 stepping 1, cmov, cx8, fxsr, mmx, sse, sse2, sse3, ssse3, sse4.1, sse4.2, popcnt, avx, avx2, aes, erms, ht, tsc, tscinvbit

Memory: 4k page, physical 12262924k(1855600k free), swap 12262924k(5160k free)

vm_info: Java HotSpot(TM) 64-Bit Server VM (24.79-b02) for windows-amd64 JRE (1.7.0_79-b15), built on Apr 10 2015 12:36:16 by "java_re" with unknown MS VC++:1600

time: Sun Nov 29 19:27:41 2015
elapsed time: 4 seconds

